<?xml version="1.0" encoding="UTF-8"?>
<!-- Generated by org.testng.reporters.JUnitReportReporter -->
<testsuite hostname="LAPTOP-U3FEQR8F" failures="0" tests="4" name="WikipediaTestMe" time="9.590" errors="0" timestamp="2021-02-21T17:29:53 PST" skipped="0">
  <testcase classname="WikipediaTestMe" name="verifyContentsHeadingDisplayed" time="4.295"/>
  <system-out/>
  <testcase classname="WikipediaTestMe" name="verifyPopUpContents" time="0.997"/>
  <system-out/>
  <testcase classname="WikipediaTestMe" name="verifyPageNavigation" time="3.474"/>
  <system-out/>
  <testcase classname="WikipediaTestMe" name="verifyContentsHeadingUrlActive" time="0.824"/>
  <system-out/>
</testsuite> <!-- WikipediaTestMe -->
